Determining if the pthread_create exist failed with the following output:
Change Dir: /home/correlllab/ros/jaco_ws/src/cu-perception-manipulation-stack/build-finger_sensor-Desktop-Default/CMakeFiles/CMakeTmp

Run Build Command:/usr/bin/make "cmTryCompileExec791471020/fast"
/usr/bin/make -f CMakeFiles/cmTryCompileExec791471020.dir/build.make CMakeFiles/cmTryCompileExec791471020.dir/build
make[1]: Entering directory `/home/correlllab/ros/jaco_ws/src/cu-perception-manipulation-stack/build-finger_sensor-Desktop-Default/CMakeFiles/CMakeTmp'
/usr/bin/cmake -E cmake_progress_report /home/correlllab/ros/jaco_ws/src/cu-perception-manipulation-stack/build-finger_sensor-Desktop-Default/CMakeFiles/CMakeTmp/CMakeFiles 1
Building C object CMakeFiles/cmTryCompileExec791471020.dir/CheckSymbolExists.c.o
/usr/bin/cc    -o CMakeFiles/cmTryCompileExec791471020.dir/CheckSymbolExists.c.o   -c /home/correlllab/ros/jaco_ws/src/cu-perception-manipulation-stack/build-finger_sensor-Desktop-Default/CMakeFiles/CMakeTmp/CheckSymbolExists.c
Linking C executable cmTryCompileExec791471020
/usr/bin/cmake -E cmake_link_script CMakeFiles/cmTryCompileExec791471020.dir/link.txt --verbose=1
/usr/bin/cc       CMakeFiles/cmTryCompileExec791471020.dir/CheckSymbolExists.c.o  -o cmTryCompileExec791471020 -rdynamic 
CMakeFiles/cmTryCompileExec791471020.dir/CheckSymbolExists.c.o: In function `main':
CheckSymbolExists.c:(.text+0x16): undefined reference to `pthread_create'
collect2: error: ld returned 1 exit status
make[1]: *** [cmTryCompileExec791471020] Error 1
make[1]: Leaving directory `/home/correlllab/ros/jaco_ws/src/cu-perception-manipulation-stack/build-finger_sensor-Desktop-Default/CMakeFiles/CMakeTmp'
make: *** [cmTryCompileExec791471020/fast] Error 2

File /home/correlllab/ros/jaco_ws/src/cu-perception-manipulation-stack/build-finger_sensor-Desktop-Default/CMakeFiles/CMakeTmp/CheckSymbolExists.c:
/* */
#include <pthread.h>

int main(int argc, char** argv)
{
  (void)argv;
#ifndef pthread_create
  return ((int*)(&pthread_create))[argc];
#else
  (void)argc;
  return 0;
#endif
}

Determining if the function pthread_create exists in the pthreads failed with the following output:
Change Dir: /home/correlllab/ros/jaco_ws/src/cu-perception-manipulation-stack/build-finger_sensor-Desktop-Default/CMakeFiles/CMakeTmp

Run Build Command:/usr/bin/make "cmTryCompileExec1384891230/fast"
/usr/bin/make -f CMakeFiles/cmTryCompileExec1384891230.dir/build.make CMakeFiles/cmTryCompileExec1384891230.dir/build
make[1]: Entering directory `/home/correlllab/ros/jaco_ws/src/cu-perception-manipulation-stack/build-finger_sensor-Desktop-Default/CMakeFiles/CMakeTmp'
/usr/bin/cmake -E cmake_progress_report /home/correlllab/ros/jaco_ws/src/cu-perception-manipulation-stack/build-finger_sensor-Desktop-Default/CMakeFiles/CMakeTmp/CMakeFiles 1
Building C object CMakeFiles/cmTryCompileExec1384891230.dir/CheckFunctionExists.c.o
/usr/bin/cc   -DCHECK_FUNCTION_EXISTS=pthread_create   -o CMakeFiles/cmTryCompileExec1384891230.dir/CheckFunctionExists.c.o   -c /usr/share/cmake-2.8/Modules/CheckFunctionExists.c
Linking C executable cmTryCompileExec1384891230
/usr/bin/cmake -E cmake_link_script CMakeFiles/cmTryCompileExec1384891230.dir/link.txt --verbose=1
/usr/bin/cc   -DCHECK_FUNCTION_EXISTS=pthread_create    CMakeFiles/cmTryCompileExec1384891230.dir/CheckFunctionExists.c.o  -o cmTryCompileExec1384891230 -rdynamic -lpthreads 
/usr/bin/ld: cannot find -lpthreads
collect2: error: ld returned 1 exit status
make[1]: Leaving directory `/home/correlllab/ros/jaco_ws/src/cu-perception-manipulation-stack/build-finger_sensor-Desktop-Default/CMakeFiles/CMakeTmp'
make[1]: *** [cmTryCompileExec1384891230] Error 1
make: *** [cmTryCompileExec1384891230/fast] Error 2


