Determining if the pthread_create exist failed with the following output:
Change Dir: /home/correlllab/ros/jaco_ws/src/cu-perception-manipulation-stack/build-perception-Desktop-Default/CMakeFiles/CMakeTmp

Run Build Command:/usr/bin/make "cmTryCompileExec3363449377/fast"
/usr/bin/make -f CMakeFiles/cmTryCompileExec3363449377.dir/build.make CMakeFiles/cmTryCompileExec3363449377.dir/build
make[1]: Entering directory `/home/correlllab/ros/jaco_ws/src/cu-perception-manipulation-stack/build-perception-Desktop-Default/CMakeFiles/CMakeTmp'
/usr/bin/cmake -E cmake_progress_report /home/correlllab/ros/jaco_ws/src/cu-perception-manipulation-stack/build-perception-Desktop-Default/CMakeFiles/CMakeTmp/CMakeFiles 1
Building C object CMakeFiles/cmTryCompileExec3363449377.dir/CheckSymbolExists.c.o
/usr/bin/cc    -o CMakeFiles/cmTryCompileExec3363449377.dir/CheckSymbolExists.c.o   -c /home/correlllab/ros/jaco_ws/src/cu-perception-manipulation-stack/build-perception-Desktop-Default/CMakeFiles/CMakeTmp/CheckSymbolExists.c
Linking C executable cmTryCompileExec3363449377
/usr/bin/cmake -E cmake_link_script CMakeFiles/cmTryCompileExec3363449377.dir/link.txt --verbose=1
/usr/bin/cc       CMakeFiles/cmTryCompileExec3363449377.dir/CheckSymbolExists.c.o  -o cmTryCompileExec3363449377 -rdynamic 
CMakeFiles/cmTryCompileExec3363449377.dir/CheckSymbolExists.c.o: In function `main':
CheckSymbolExists.c:(.text+0x16): undefined reference to `pthread_create'
collect2: error: ld returned 1 exit status
make[1]: *** [cmTryCompileExec3363449377] Error 1
make[1]: Leaving directory `/home/correlllab/ros/jaco_ws/src/cu-perception-manipulation-stack/build-perception-Desktop-Default/CMakeFiles/CMakeTmp'
make: *** [cmTryCompileExec3363449377/fast] Error 2

File /home/correlllab/ros/jaco_ws/src/cu-perception-manipulation-stack/build-perception-Desktop-Default/CMakeFiles/CMakeTmp/CheckSymbolExists.c:
/* */
#include <pthread.h>

int main(int argc, char** argv)
{
  (void)argv;
#ifndef pthread_create
  return ((int*)(&pthread_create))[argc];
#else
  (void)argc;
  return 0;
#endif
}

Determining if the function pthread_create exists in the pthreads failed with the following output:
Change Dir: /home/correlllab/ros/jaco_ws/src/cu-perception-manipulation-stack/build-perception-Desktop-Default/CMakeFiles/CMakeTmp

Run Build Command:/usr/bin/make "cmTryCompileExec3904340154/fast"
/usr/bin/make -f CMakeFiles/cmTryCompileExec3904340154.dir/build.make CMakeFiles/cmTryCompileExec3904340154.dir/build
make[1]: Entering directory `/home/correlllab/ros/jaco_ws/src/cu-perception-manipulation-stack/build-perception-Desktop-Default/CMakeFiles/CMakeTmp'
/usr/bin/cmake -E cmake_progress_report /home/correlllab/ros/jaco_ws/src/cu-perception-manipulation-stack/build-perception-Desktop-Default/CMakeFiles/CMakeTmp/CMakeFiles 1
Building C object CMakeFiles/cmTryCompileExec3904340154.dir/CheckFunctionExists.c.o
/usr/bin/cc   -DCHECK_FUNCTION_EXISTS=pthread_create   -o CMakeFiles/cmTryCompileExec3904340154.dir/CheckFunctionExists.c.o   -c /usr/share/cmake-2.8/Modules/CheckFunctionExists.c
Linking C executable cmTryCompileExec3904340154
/usr/bin/cmake -E cmake_link_script CMakeFiles/cmTryCompileExec3904340154.dir/link.txt --verbose=1
/usr/bin/cc   -DCHECK_FUNCTION_EXISTS=pthread_create    CMakeFiles/cmTryCompileExec3904340154.dir/CheckFunctionExists.c.o  -o cmTryCompileExec3904340154 -rdynamic -lpthreads 
/usr/bin/ld: cannot find -lpthreads
collect2: error: ld returned 1 exit status
make[1]: Leaving directory `/home/correlllab/ros/jaco_ws/src/cu-perception-manipulation-stack/build-perception-Desktop-Default/CMakeFiles/CMakeTmp'
make[1]: *** [cmTryCompileExec3904340154] Error 1
make: *** [cmTryCompileExec3904340154/fast] Error 2


